TN:
SF:C:\Users\jui.jamdar\Desktop\Sent\Afterremoving comments cloned\Dijkstar_Algo_Angular\src\polyfills.ts
FNF:0
FNH:0
LF:0
LH:0
BRF:0
BRH:0
end_of_record
TN:
SF:C:\Users\jui.jamdar\Desktop\Sent\Afterremoving comments cloned\Dijkstar_Algo_Angular\src\test.ts
FNF:0
FNH:0
DA:13,1
DA:18,1
DA:20,1
LF:3
LH:3
BRF:0
BRH:0
end_of_record
TN:
SF:C:\Users\jui.jamdar\Desktop\Sent\Afterremoving comments cloned\Dijkstar_Algo_Angular\src\app\app.component.ts
FN:27,(anonymous_0)
FN:28,(anonymous_1)
FN:31,(anonymous_2)
FN:33,(anonymous_3)
FN:45,(anonymous_4)
FN:50,(anonymous_5)
FN:55,(anonymous_6)
FNF:7
FNH:7
FNDA:4,(anonymous_0)
FNDA:4,(anonymous_1)
FNDA:128,(anonymous_2)
FNDA:312,(anonymous_3)
FNDA:1988,(anonymous_4)
FNDA:1,(anonymous_5)
FNDA:1,(anonymous_6)
DA:14,1
DA:15,4
DA:16,4
DA:17,4
DA:18,4
DA:19,4
DA:20,4
DA:21,4
DA:24,1
DA:27,4
DA:28,4
DA:29,4
DA:30,4
DA:31,4
DA:33,128
DA:34,312
DA:35,312
DA:36,312
DA:37,312
DA:40,128
DA:41,128
DA:42,128
DA:43,128
DA:44,128
DA:45,1988
DA:46,128
DA:51,1
DA:52,1
DA:56,1
DA:57,1
DA:58,1
DA:59,1
DA:60,1
DA:61,1
DA:62,1
DA:63,1
DA:64,1
DA:65,1
DA:67,1
DA:68,0
DA:70,1
LF:41
LH:40
BRDA:67,0,0,0
BRDA:67,0,1,1
BRF:2
BRH:1
end_of_record
TN:
SF:C:\Users\jui.jamdar\Desktop\Sent\Afterremoving comments cloned\Dijkstar_Algo_Angular\src\app\classes\algoclasses.ts
FN:4,(anonymous_0)
FN:12,(anonymous_1)
FNF:2
FNH:2
FNDA:312,(anonymous_0)
FNDA:128,(anonymous_1)
DA:13,128
DA:14,128
DA:15,128
LF:3
LH:3
BRF:0
BRH:0
end_of_record
TN:
SF:C:\Users\jui.jamdar\Desktop\Sent\Afterremoving comments cloned\Dijkstar_Algo_Angular\src\app\ngbd-modal-basic\ngbd-modal-basic.component.ts
FN:18,(anonymous_0)
FN:20,(anonymous_1)
FN:23,(anonymous_2)
FN:24,(anonymous_3)
FN:26,(anonymous_4)
FN:30,(anonymous_5)
FN:31,(anonymous_6)
FN:33,(anonymous_7)
FN:38,(anonymous_8)
FNF:9
FNH:3
FNDA:4,(anonymous_0)
FNDA:3,(anonymous_1)
FNDA:0,(anonymous_2)
FNDA:0,(anonymous_3)
FNDA:0,(anonymous_4)
FNDA:1,(anonymous_5)
FNDA:0,(anonymous_6)
FNDA:0,(anonymous_7)
FNDA:0,(anonymous_8)
DA:10,1
DA:11,1
DA:12,1
DA:13,1
DA:14,1
DA:16,4
DA:18,4
DA:24,0
DA:25,0
DA:27,0
DA:31,1
DA:32,0
DA:34,0
DA:39,0
DA:40,0
DA:41,0
DA:42,0
DA:44,0
LF:18
LH:8
BRDA:39,0,0,0
BRDA:39,0,1,0
BRDA:41,1,0,0
BRDA:41,1,1,0
BRF:4
BRH:0
end_of_record
TN:
SF:C:\Users\jui.jamdar\Desktop\Sent\Afterremoving comments cloned\Dijkstar_Algo_Angular\src\app\ngbd-toast-global\ngbd-toast-global.component.ts
FN:10,(anonymous_0)
FN:12,(anonymous_1)
FN:16,(anonymous_2)
FN:20,(anonymous_3)
FN:25,(anonymous_4)
FNF:5
FNH:0
FNDA:0,(anonymous_0)
FNDA:0,(anonymous_1)
FNDA:0,(anonymous_2)
FNDA:0,(anonymous_3)
FNDA:0,(anonymous_4)
DA:9,1
DA:10,0
DA:13,0
DA:17,0
DA:21,0
LF:5
LH:1
BRF:0
BRH:0
end_of_record
TN:
SF:C:\Users\jui.jamdar\Desktop\Sent\Afterremoving comments cloned\Dijkstar_Algo_Angular\src\app\ngbd-toast-global\toasts-container\toasts-container.component.ts
FN:12,(anonymous_0)
FN:14,(anonymous_1)
FN:18,(anonymous_2)
FNF:3
FNH:2
FNDA:4,(anonymous_0)
FNDA:0,(anonymous_1)
FNDA:3,(anonymous_2)
DA:10,1
DA:12,4
DA:15,0
LF:3
LH:2
BRF:0
BRH:0
end_of_record
TN:
SF:C:\Users\jui.jamdar\Desktop\Sent\Afterremoving comments cloned\Dijkstar_Algo_Angular\src\app\service\dijkstra.service.ts
FN:10,(anonymous_0)
FN:14,(anonymous_1)
FN:20,(anonymous_2)
FN:41,(anonymous_3)
FN:57,(anonymous_4)
FNF:5
FNH:5
FNDA:4,(anonymous_0)
FNDA:65,(anonymous_1)
FNDA:2,(anonymous_2)
FNDA:1,(anonymous_3)
FNDA:1369,(anonymous_4)
DA:7,1
DA:11,4
DA:15,65
DA:16,65
DA:22,2
DA:23,2
DA:24,2
DA:26,2
DA:27,2
DA:28,2
DA:29,6
DA:30,2
DA:31,2
DA:34,2
DA:35,2
DA:37,2
DA:43,1
DA:44,1
DA:46,1
DA:47,32
DA:48,1
DA:51,31
DA:53,32
DA:56,1
DA:57,1369
DA:60,32
DA:61,32
DA:62,78
DA:63,78
DA:64,78
DA:65,34
DA:68,32
DA:70,1
DA:71,1
DA:72,1
DA:73,1
LF:36
LH:36
BRDA:29,0,0,2
BRDA:29,0,1,4
BRDA:47,1,0,1
BRDA:47,1,1,31
BRDA:64,2,0,34
BRDA:64,2,1,44
BRF:6
BRH:6
end_of_record
TN:
SF:C:\Users\jui.jamdar\Desktop\Sent\Afterremoving comments cloned\Dijkstar_Algo_Angular\src\app\service\graph.service.ts
FN:13,(anonymous_0)
FN:19,(anonymous_1)
FN:20,(anonymous_2)
FNF:3
FNH:0
FNDA:0,(anonymous_0)
FNDA:0,(anonymous_1)
FNDA:0,(anonymous_2)
DA:11,1
DA:13,0
DA:15,0
DA:16,0
DA:17,0
DA:18,0
DA:20,0
DA:21,0
DA:22,0
LF:9
LH:1
BRF:0
BRH:0
end_of_record
TN:
SF:C:\Users\jui.jamdar\Desktop\Sent\Afterremoving comments cloned\Dijkstar_Algo_Angular\src\app\service\light-year-calc.service.ts
FN:8,(anonymous_0)
FNF:1
FNH:1
FNDA:4,(anonymous_0)
DA:6,1
DA:9,4
DA:10,4
LF:3
LH:3
BRF:0
BRH:0
end_of_record
TN:
SF:C:\Users\jui.jamdar\Desktop\Sent\Afterremoving comments cloned\Dijkstar_Algo_Angular\src\app\service\toast.service.ts
FN:8,(anonymous_0)
FN:11,(anonymous_1)
FN:15,(anonymous_2)
FN:16,(anonymous_3)
FNF:4
FNH:0
FNDA:0,(anonymous_0)
FNDA:0,(anonymous_1)
FNDA:0,(anonymous_2)
FNDA:0,(anonymous_3)
DA:6,1
DA:9,0
DA:12,0
DA:16,0
LF:4
LH:1
BRDA:11,0,0,0
BRF:1
BRH:0
end_of_record
TN:
SF:C:\Users\jui.jamdar\Desktop\Sent\Afterremoving comments cloned\Dijkstar_Algo_Angular\src\app\spinner\spinner.component.ts
FN:10,(anonymous_0)
FN:12,(anonymous_1)
FNF:2
FNH:0
FNDA:0,(anonymous_0)
FNDA:0,(anonymous_1)
DA:8,1
LF:1
LH:1
BRF:0
BRH:0
end_of_record
